{"/home/alex/Sync/workspace/learn/react/Ex_Files_React_Testing_Debug/Exercise Files/CH 1/01_02/start/src/index.js": {"path":"/home/alex/Sync/workspace/learn/react/Ex_Files_React_Testing_Debug/Exercise Files/CH 1/01_02/start/src/index.js","statementMap":{"0":{"start":{"line":1,"column":58},"end":{"line":1,"column":171}}},"fnMap":{},"branchMap":{},"s":{"0":0},"f":{},"b":{}}
,"/home/alex/Sync/workspace/learn/react/Ex_Files_React_Testing_Debug/Exercise Files/CH 1/01_02/start/src/components/App.jsx": {"path":"/home/alex/Sync/workspace/learn/react/Ex_Files_React_Testing_Debug/Exercise Files/CH 1/01_02/start/src/components/App.jsx","statementMap":{"0":{"start":{"line":9,"column":4},"end":{"line":9,"column":17}},"1":{"start":{"line":10,"column":4},"end":{"line":10,"column":29}},"2":{"start":{"line":14,"column":4},"end":{"line":29,"column":6}}},"fnMap":{"0":{"name":"(anonymous_0)","decl":{"start":{"line":8,"column":2},"end":{"line":8,"column":3}},"loc":{"start":{"line":8,"column":21},"end":{"line":11,"column":3}},"line":8},"1":{"name":"(anonymous_1)","decl":{"start":{"line":13,"column":2},"end":{"line":13,"column":3}},"loc":{"start":{"line":13,"column":11},"end":{"line":30,"column":3}},"line":13}},"branchMap":{},"s":{"0":1,"1":1,"2":1},"f":{"0":1,"1":1},"b":{},"_coverageSchema":"332fd63041d2c1bcb487cc26dd0d5f7d97098a6c","hash":"68ac18db65c3a36b8b776faef3cffeea66a4c9c3"}
,"/home/alex/Sync/workspace/learn/react/Ex_Files_React_Testing_Debug/Exercise Files/CH 1/01_02/start/src/components/listings/Grid.jsx": {"path":"/home/alex/Sync/workspace/learn/react/Ex_Files_React_Testing_Debug/Exercise Files/CH 1/01_02/start/src/components/listings/Grid.jsx","statementMap":{"0":{"start":{"line":6,"column":4},"end":{"line":6,"column":78}},"1":{"start":{"line":6,"column":40},"end":{"line":6,"column":76}},"2":{"start":{"line":10,"column":4},"end":{"line":16,"column":6}}},"fnMap":{"0":{"name":"(anonymous_0)","decl":{"start":{"line":5,"column":2},"end":{"line":5,"column":3}},"loc":{"start":{"line":5,"column":15},"end":{"line":7,"column":3}},"line":5},"1":{"name":"(anonymous_1)","decl":{"start":{"line":6,"column":32},"end":{"line":6,"column":33}},"loc":{"start":{"line":6,"column":40},"end":{"line":6,"column":76}},"line":6},"2":{"name":"(anonymous_2)","decl":{"start":{"line":9,"column":2},"end":{"line":9,"column":3}},"loc":{"start":{"line":9,"column":11},"end":{"line":17,"column":3}},"line":9}},"branchMap":{},"s":{"0":1,"1":12,"2":1},"f":{"0":1,"1":12,"2":1},"b":{},"_coverageSchema":"332fd63041d2c1bcb487cc26dd0d5f7d97098a6c","hash":"5defce93062c79afd11425872cbbebd3c85f69a6"}
,"/home/alex/Sync/workspace/learn/react/Ex_Files_React_Testing_Debug/Exercise Files/CH 1/01_02/start/src/components/listings/Single.jsx": {"path":"/home/alex/Sync/workspace/learn/react/Ex_Files_React_Testing_Debug/Exercise Files/CH 1/01_02/start/src/components/listings/Single.jsx","statementMap":{"0":{"start":{"line":3,"column":15},"end":{"line":33,"column":1}},"1":{"start":{"line":4,"column":2},"end":{"line":32,"column":7}}},"fnMap":{"0":{"name":"(anonymous_0)","decl":{"start":{"line":3,"column":15},"end":{"line":3,"column":16}},"loc":{"start":{"line":4,"column":2},"end":{"line":32,"column":7}},"line":4}},"branchMap":{},"s":{"0":2,"1":13},"f":{"0":13},"b":{},"_coverageSchema":"332fd63041d2c1bcb487cc26dd0d5f7d97098a6c","hash":"2575bb25049a32de7716b67dd985d65ad9cb05fe"}
}
